20:58:40 **** Build of configuration Debug for project algo_test_1 ****
make -j18 all 
arm-none-eabi-gcc "../Drivers/STM32L0xx_HAL_Driver/Src/stm32l0xx_hal.c" -mcpu=cortex-m0plus -std=gnu11 -g3 -DDEBUG -DUSE_HAL_DRIVER -DSTM32L072xx -c -I../Core/Inc -I../Drivers/STM32L0xx_HAL_Driver/Inc -I../Drivers/STM32L0xx_HAL_Driver/Inc/Legacy -I../Drivers/CMSIS/Device/ST/STM32L0xx/Include -I../Drivers/CMSIS/Include -O0 -ffunction-sections -fdata-sections -Wall -fstack-usage -fcyclomatic-complexity -MMD -MP -MF"Drivers/STM32L0xx_HAL_Driver/Src/stm32l0xx_hal.d" -MT"Drivers/STM32L0xx_HAL_Driver/Src/stm32l0xx_hal.o" --specs=nano.specs -mfloat-abi=soft -mthumb -o "Drivers/STM32L0xx_HAL_Driver/Src/stm32l0xx_hal.o"
arm-none-eabi-gcc "../Drivers/STM32L0xx_HAL_Driver/Src/stm32l0xx_hal_cortex.c" -mcpu=cortex-m0plus -std=gnu11 -g3 -DDEBUG -DUSE_HAL_DRIVER -DSTM32L072xx -c -I../Core/Inc -I../Drivers/STM32L0xx_HAL_Driver/Inc -I../Drivers/STM32L0xx_HAL_Driver/Inc/Legacy -I../Drivers/CMSIS/Device/ST/STM32L0xx/Include -I../Drivers/CMSIS/Include -O0 -ffunction-sections -fdata-sections -Wall -fstack-usage -fcyclomatic-complexity -MMD -MP -MF"Drivers/STM32L0xx_HAL_Driver/Src/stm32l0xx_hal_cortex.d" -MT"Drivers/STM32L0xx_HAL_Driver/Src/stm32l0xx_hal_cortex.o" --specs=nano.specs -mfloat-abi=soft -mthumb -o "Drivers/STM32L0xx_HAL_Driver/Src/stm32l0xx_hal_cortex.o"
arm-none-eabi-gcc "../Drivers/STM32L0xx_HAL_Driver/Src/stm32l0xx_hal_dma.c" -mcpu=cortex-m0plus -std=gnu11 -g3 -DDEBUG -DUSE_HAL_DRIVER -DSTM32L072xx -c -I../Core/Inc -I../Drivers/STM32L0xx_HAL_Driver/Inc -I../Drivers/STM32L0xx_HAL_Driver/Inc/Legacy -I../Drivers/CMSIS/Device/ST/STM32L0xx/Include -I../Drivers/CMSIS/Include -O0 -ffunction-sections -fdata-sections -Wall -fstack-usage -fcyclomatic-complexity -MMD -MP -MF"Drivers/STM32L0xx_HAL_Driver/Src/stm32l0xx_hal_dma.d" -MT"Drivers/STM32L0xx_HAL_Driver/Src/stm32l0xx_hal_dma.o" --specs=nano.specs -mfloat-abi=soft -mthumb -o "Drivers/STM32L0xx_HAL_Driver/Src/stm32l0xx_hal_dma.o"
arm-none-eabi-gcc "../Drivers/STM32L0xx_HAL_Driver/Src/stm32l0xx_hal_exti.c" -mcpu=cortex-m0plus -std=gnu11 -g3 -DDEBUG -DUSE_HAL_DRIVER -DSTM32L072xx -c -I../Core/Inc -I../Drivers/STM32L0xx_HAL_Driver/Inc -I../Drivers/STM32L0xx_HAL_Driver/Inc/Legacy -I../Drivers/CMSIS/Device/ST/STM32L0xx/Include -I../Drivers/CMSIS/Include -O0 -ffunction-sections -fdata-sections -Wall -fstack-usage -fcyclomatic-complexity -MMD -MP -MF"Drivers/STM32L0xx_HAL_Driver/Src/stm32l0xx_hal_exti.d" -MT"Drivers/STM32L0xx_HAL_Driver/Src/stm32l0xx_hal_exti.o" --specs=nano.specs -mfloat-abi=soft -mthumb -o "Drivers/STM32L0xx_HAL_Driver/Src/stm32l0xx_hal_exti.o"
arm-none-eabi-gcc "../Drivers/STM32L0xx_HAL_Driver/Src/stm32l0xx_hal_flash.c" -mcpu=cortex-m0plus -std=gnu11 -g3 -DDEBUG -DUSE_HAL_DRIVER -DSTM32L072xx -c -I../Core/Inc -I../Drivers/STM32L0xx_HAL_Driver/Inc -I../Drivers/STM32L0xx_HAL_Driver/Inc/Legacy -I../Drivers/CMSIS/Device/ST/STM32L0xx/Include -I../Drivers/CMSIS/Include -O0 -ffunction-sections -fdata-sections -Wall -fstack-usage -fcyclomatic-complexity -MMD -MP -MF"Drivers/STM32L0xx_HAL_Driver/Src/stm32l0xx_hal_flash.d" -MT"Drivers/STM32L0xx_HAL_Driver/Src/stm32l0xx_hal_flash.o" --specs=nano.specs -mfloat-abi=soft -mthumb -o "Drivers/STM32L0xx_HAL_Driver/Src/stm32l0xx_hal_flash.o"
arm-none-eabi-gcc "../Drivers/STM32L0xx_HAL_Driver/Src/stm32l0xx_hal_flash_ex.c" -mcpu=cortex-m0plus -std=gnu11 -g3 -DDEBUG -DUSE_HAL_DRIVER -DSTM32L072xx -c -I../Core/Inc -I../Drivers/STM32L0xx_HAL_Driver/Inc -I../Drivers/STM32L0xx_HAL_Driver/Inc/Legacy -I../Drivers/CMSIS/Device/ST/STM32L0xx/Include -I../Drivers/CMSIS/Include -O0 -ffunction-sections -fdata-sections -Wall -fstack-usage -fcyclomatic-complexity -MMD -MP -MF"Drivers/STM32L0xx_HAL_Driver/Src/stm32l0xx_hal_flash_ex.d" -MT"Drivers/STM32L0xx_HAL_Driver/Src/stm32l0xx_hal_flash_ex.o" --specs=nano.specs -mfloat-abi=soft -mthumb -o "Drivers/STM32L0xx_HAL_Driver/Src/stm32l0xx_hal_flash_ex.o"
arm-none-eabi-gcc "../Drivers/STM32L0xx_HAL_Driver/Src/stm32l0xx_hal_flash_ramfunc.c" -mcpu=cortex-m0plus -std=gnu11 -g3 -DDEBUG -DUSE_HAL_DRIVER -DSTM32L072xx -c -I../Core/Inc -I../Drivers/STM32L0xx_HAL_Driver/Inc -I../Drivers/STM32L0xx_HAL_Driver/Inc/Legacy -I../Drivers/CMSIS/Device/ST/STM32L0xx/Include -I../Drivers/CMSIS/Include -O0 -ffunction-sections -fdata-sections -Wall -fstack-usage -fcyclomatic-complexity -MMD -MP -MF"Drivers/STM32L0xx_HAL_Driver/Src/stm32l0xx_hal_flash_ramfunc.d" -MT"Drivers/STM32L0xx_HAL_Driver/Src/stm32l0xx_hal_flash_ramfunc.o" --specs=nano.specs -mfloat-abi=soft -mthumb -o "Drivers/STM32L0xx_HAL_Driver/Src/stm32l0xx_hal_flash_ramfunc.o"
arm-none-eabi-gcc "../Drivers/STM32L0xx_HAL_Driver/Src/stm32l0xx_hal_gpio.c" -mcpu=cortex-m0plus -std=gnu11 -g3 -DDEBUG -DUSE_HAL_DRIVER -DSTM32L072xx -c -I../Core/Inc -I../Drivers/STM32L0xx_HAL_Driver/Inc -I../Drivers/STM32L0xx_HAL_Driver/Inc/Legacy -I../Drivers/CMSIS/Device/ST/STM32L0xx/Include -I../Drivers/CMSIS/Include -O0 -ffunction-sections -fdata-sections -Wall -fstack-usage -fcyclomatic-complexity -MMD -MP -MF"Drivers/STM32L0xx_HAL_Driver/Src/stm32l0xx_hal_gpio.d" -MT"Drivers/STM32L0xx_HAL_Driver/Src/stm32l0xx_hal_gpio.o" --specs=nano.specs -mfloat-abi=soft -mthumb -o "Drivers/STM32L0xx_HAL_Driver/Src/stm32l0xx_hal_gpio.o"
arm-none-eabi-gcc "../Drivers/STM32L0xx_HAL_Driver/Src/stm32l0xx_hal_i2c.c" -mcpu=cortex-m0plus -std=gnu11 -g3 -DDEBUG -DUSE_HAL_DRIVER -DSTM32L072xx -c -I../Core/Inc -I../Drivers/STM32L0xx_HAL_Driver/Inc -I../Drivers/STM32L0xx_HAL_Driver/Inc/Legacy -I../Drivers/CMSIS/Device/ST/STM32L0xx/Include -I../Drivers/CMSIS/Include -O0 -ffunction-sections -fdata-sections -Wall -fstack-usage -fcyclomatic-complexity -MMD -MP -MF"Drivers/STM32L0xx_HAL_Driver/Src/stm32l0xx_hal_i2c.d" -MT"Drivers/STM32L0xx_HAL_Driver/Src/stm32l0xx_hal_i2c.o" --specs=nano.specs -mfloat-abi=soft -mthumb -o "Drivers/STM32L0xx_HAL_Driver/Src/stm32l0xx_hal_i2c.o"
arm-none-eabi-gcc "../Drivers/STM32L0xx_HAL_Driver/Src/stm32l0xx_hal_i2c_ex.c" -mcpu=cortex-m0plus -std=gnu11 -g3 -DDEBUG -DUSE_HAL_DRIVER -DSTM32L072xx -c -I../Core/Inc -I../Drivers/STM32L0xx_HAL_Driver/Inc -I../Drivers/STM32L0xx_HAL_Driver/Inc/Legacy -I../Drivers/CMSIS/Device/ST/STM32L0xx/Include -I../Drivers/CMSIS/Include -O0 -ffunction-sections -fdata-sections -Wall -fstack-usage -fcyclomatic-complexity -MMD -MP -MF"Drivers/STM32L0xx_HAL_Driver/Src/stm32l0xx_hal_i2c_ex.d" -MT"Drivers/STM32L0xx_HAL_Driver/Src/stm32l0xx_hal_i2c_ex.o" --specs=nano.specs -mfloat-abi=soft -mthumb -o "Drivers/STM32L0xx_HAL_Driver/Src/stm32l0xx_hal_i2c_ex.o"
arm-none-eabi-gcc "../Drivers/STM32L0xx_HAL_Driver/Src/stm32l0xx_hal_pwr.c" -mcpu=cortex-m0plus -std=gnu11 -g3 -DDEBUG -DUSE_HAL_DRIVER -DSTM32L072xx -c -I../Core/Inc -I../Drivers/STM32L0xx_HAL_Driver/Inc -I../Drivers/STM32L0xx_HAL_Driver/Inc/Legacy -I../Drivers/CMSIS/Device/ST/STM32L0xx/Include -I../Drivers/CMSIS/Include -O0 -ffunction-sections -fdata-sections -Wall -fstack-usage -fcyclomatic-complexity -MMD -MP -MF"Drivers/STM32L0xx_HAL_Driver/Src/stm32l0xx_hal_pwr.d" -MT"Drivers/STM32L0xx_HAL_Driver/Src/stm32l0xx_hal_pwr.o" --specs=nano.specs -mfloat-abi=soft -mthumb -o "Drivers/STM32L0xx_HAL_Driver/Src/stm32l0xx_hal_pwr.o"
arm-none-eabi-gcc "../Drivers/STM32L0xx_HAL_Driver/Src/stm32l0xx_hal_pwr_ex.c" -mcpu=cortex-m0plus -std=gnu11 -g3 -DDEBUG -DUSE_HAL_DRIVER -DSTM32L072xx -c -I../Core/Inc -I../Drivers/STM32L0xx_HAL_Driver/Inc -I../Drivers/STM32L0xx_HAL_Driver/Inc/Legacy -I../Drivers/CMSIS/Device/ST/STM32L0xx/Include -I../Drivers/CMSIS/Include -O0 -ffunction-sections -fdata-sections -Wall -fstack-usage -fcyclomatic-complexity -MMD -MP -MF"Drivers/STM32L0xx_HAL_Driver/Src/stm32l0xx_hal_pwr_ex.d" -MT"Drivers/STM32L0xx_HAL_Driver/Src/stm32l0xx_hal_pwr_ex.o" --specs=nano.specs -mfloat-abi=soft -mthumb -o "Drivers/STM32L0xx_HAL_Driver/Src/stm32l0xx_hal_pwr_ex.o"
arm-none-eabi-gcc "../Drivers/STM32L0xx_HAL_Driver/Src/stm32l0xx_hal_rcc.c" -mcpu=cortex-m0plus -std=gnu11 -g3 -DDEBUG -DUSE_HAL_DRIVER -DSTM32L072xx -c -I../Core/Inc -I../Drivers/STM32L0xx_HAL_Driver/Inc -I../Drivers/STM32L0xx_HAL_Driver/Inc/Legacy -I../Drivers/CMSIS/Device/ST/STM32L0xx/Include -I../Drivers/CMSIS/Include -O0 -ffunction-sections -fdata-sections -Wall -fstack-usage -fcyclomatic-complexity -MMD -MP -MF"Drivers/STM32L0xx_HAL_Driver/Src/stm32l0xx_hal_rcc.d" -MT"Drivers/STM32L0xx_HAL_Driver/Src/stm32l0xx_hal_rcc.o" --specs=nano.specs -mfloat-abi=soft -mthumb -o "Drivers/STM32L0xx_HAL_Driver/Src/stm32l0xx_hal_rcc.o"
arm-none-eabi-gcc "../Drivers/STM32L0xx_HAL_Driver/Src/stm32l0xx_hal_rcc_ex.c" -mcpu=cortex-m0plus -std=gnu11 -g3 -DDEBUG -DUSE_HAL_DRIVER -DSTM32L072xx -c -I../Core/Inc -I../Drivers/STM32L0xx_HAL_Driver/Inc -I../Drivers/STM32L0xx_HAL_Driver/Inc/Legacy -I../Drivers/CMSIS/Device/ST/STM32L0xx/Include -I../Drivers/CMSIS/Include -O0 -ffunction-sections -fdata-sections -Wall -fstack-usage -fcyclomatic-complexity -MMD -MP -MF"Drivers/STM32L0xx_HAL_Driver/Src/stm32l0xx_hal_rcc_ex.d" -MT"Drivers/STM32L0xx_HAL_Driver/Src/stm32l0xx_hal_rcc_ex.o" --specs=nano.specs -mfloat-abi=soft -mthumb -o "Drivers/STM32L0xx_HAL_Driver/Src/stm32l0xx_hal_rcc_ex.o"
arm-none-eabi-gcc "../Drivers/STM32L0xx_HAL_Driver/Src/stm32l0xx_hal_rtc.c" -mcpu=cortex-m0plus -std=gnu11 -g3 -DDEBUG -DUSE_HAL_DRIVER -DSTM32L072xx -c -I../Core/Inc -I../Drivers/STM32L0xx_HAL_Driver/Inc -I../Drivers/STM32L0xx_HAL_Driver/Inc/Legacy -I../Drivers/CMSIS/Device/ST/STM32L0xx/Include -I../Drivers/CMSIS/Include -O0 -ffunction-sections -fdata-sections -Wall -fstack-usage -fcyclomatic-complexity -MMD -MP -MF"Drivers/STM32L0xx_HAL_Driver/Src/stm32l0xx_hal_rtc.d" -MT"Drivers/STM32L0xx_HAL_Driver/Src/stm32l0xx_hal_rtc.o" --specs=nano.specs -mfloat-abi=soft -mthumb -o "Drivers/STM32L0xx_HAL_Driver/Src/stm32l0xx_hal_rtc.o"
arm-none-eabi-gcc "../Drivers/STM32L0xx_HAL_Driver/Src/stm32l0xx_hal_rtc_ex.c" -mcpu=cortex-m0plus -std=gnu11 -g3 -DDEBUG -DUSE_HAL_DRIVER -DSTM32L072xx -c -I../Core/Inc -I../Drivers/STM32L0xx_HAL_Driver/Inc -I../Drivers/STM32L0xx_HAL_Driver/Inc/Legacy -I../Drivers/CMSIS/Device/ST/STM32L0xx/Include -I../Drivers/CMSIS/Include -O0 -ffunction-sections -fdata-sections -Wall -fstack-usage -fcyclomatic-complexity -MMD -MP -MF"Drivers/STM32L0xx_HAL_Driver/Src/stm32l0xx_hal_rtc_ex.d" -MT"Drivers/STM32L0xx_HAL_Driver/Src/stm32l0xx_hal_rtc_ex.o" --specs=nano.specs -mfloat-abi=soft -mthumb -o "Drivers/STM32L0xx_HAL_Driver/Src/stm32l0xx_hal_rtc_ex.o"
arm-none-eabi-gcc "../Drivers/STM32L0xx_HAL_Driver/Src/stm32l0xx_hal_spi.c" -mcpu=cortex-m0plus -std=gnu11 -g3 -DDEBUG -DUSE_HAL_DRIVER -DSTM32L072xx -c -I../Core/Inc -I../Drivers/STM32L0xx_HAL_Driver/Inc -I../Drivers/STM32L0xx_HAL_Driver/Inc/Legacy -I../Drivers/CMSIS/Device/ST/STM32L0xx/Include -I../Drivers/CMSIS/Include -O0 -ffunction-sections -fdata-sections -Wall -fstack-usage -fcyclomatic-complexity -MMD -MP -MF"Drivers/STM32L0xx_HAL_Driver/Src/stm32l0xx_hal_spi.d" -MT"Drivers/STM32L0xx_HAL_Driver/Src/stm32l0xx_hal_spi.o" --specs=nano.specs -mfloat-abi=soft -mthumb -o "Drivers/STM32L0xx_HAL_Driver/Src/stm32l0xx_hal_spi.o"
arm-none-eabi-gcc "../Drivers/STM32L0xx_HAL_Driver/Src/stm32l0xx_hal_uart.c" -mcpu=cortex-m0plus -std=gnu11 -g3 -DDEBUG -DUSE_HAL_DRIVER -DSTM32L072xx -c -I../Core/Inc -I../Drivers/STM32L0xx_HAL_Driver/Inc -I../Drivers/STM32L0xx_HAL_Driver/Inc/Legacy -I../Drivers/CMSIS/Device/ST/STM32L0xx/Include -I../Drivers/CMSIS/Include -O0 -ffunction-sections -fdata-sections -Wall -fstack-usage -fcyclomatic-complexity -MMD -MP -MF"Drivers/STM32L0xx_HAL_Driver/Src/stm32l0xx_hal_uart.d" -MT"Drivers/STM32L0xx_HAL_Driver/Src/stm32l0xx_hal_uart.o" --specs=nano.specs -mfloat-abi=soft -mthumb -o "Drivers/STM32L0xx_HAL_Driver/Src/stm32l0xx_hal_uart.o"
arm-none-eabi-gcc "../Drivers/STM32L0xx_HAL_Driver/Src/stm32l0xx_hal_uart_ex.c" -mcpu=cortex-m0plus -std=gnu11 -g3 -DDEBUG -DUSE_HAL_DRIVER -DSTM32L072xx -c -I../Core/Inc -I../Drivers/STM32L0xx_HAL_Driver/Inc -I../Drivers/STM32L0xx_HAL_Driver/Inc/Legacy -I../Drivers/CMSIS/Device/ST/STM32L0xx/Include -I../Drivers/CMSIS/Include -O0 -ffunction-sections -fdata-sections -Wall -fstack-usage -fcyclomatic-complexity -MMD -MP -MF"Drivers/STM32L0xx_HAL_Driver/Src/stm32l0xx_hal_uart_ex.d" -MT"Drivers/STM32L0xx_HAL_Driver/Src/stm32l0xx_hal_uart_ex.o" --specs=nano.specs -mfloat-abi=soft -mthumb -o "Drivers/STM32L0xx_HAL_Driver/Src/stm32l0xx_hal_uart_ex.o"
arm-none-eabi-gcc -mcpu=cortex-m0plus -g3 -DDEBUG -c -x assembler-with-cpp -MMD -MP -MF"Core/Startup/startup_stm32l072czyx.d" -MT"Core/Startup/startup_stm32l072czyx.o" --specs=nano.specs -mfloat-abi=soft -mthumb -o "Core/Startup/startup_stm32l072czyx.o" "../Core/Startup/startup_stm32l072czyx.s"
arm-none-eabi-gcc "../Core/Src/main.c" -mcpu=cortex-m0plus -std=gnu11 -g3 -DDEBUG -DUSE_HAL_DRIVER -DSTM32L072xx -c -I../Core/Inc -I../Drivers/STM32L0xx_HAL_Driver/Inc -I../Drivers/STM32L0xx_HAL_Driver/Inc/Legacy -I../Drivers/CMSIS/Device/ST/STM32L0xx/Include -I../Drivers/CMSIS/Include -O0 -ffunction-sections -fdata-sections -Wall -fstack-usage -fcyclomatic-complexity -MMD -MP -MF"Core/Src/main.d" -MT"Core/Src/main.o" --specs=nano.specs -mfloat-abi=soft -mthumb -o "Core/Src/main.o"
arm-none-eabi-gcc "../Core/Src/stm32l0xx_hal_msp.c" -mcpu=cortex-m0plus -std=gnu11 -g3 -DDEBUG -DUSE_HAL_DRIVER -DSTM32L072xx -c -I../Core/Inc -I../Drivers/STM32L0xx_HAL_Driver/Inc -I../Drivers/STM32L0xx_HAL_Driver/Inc/Legacy -I../Drivers/CMSIS/Device/ST/STM32L0xx/Include -I../Drivers/CMSIS/Include -O0 -ffunction-sections -fdata-sections -Wall -fstack-usage -fcyclomatic-complexity -MMD -MP -MF"Core/Src/stm32l0xx_hal_msp.d" -MT"Core/Src/stm32l0xx_hal_msp.o" --specs=nano.specs -mfloat-abi=soft -mthumb -o "Core/Src/stm32l0xx_hal_msp.o"
arm-none-eabi-gcc "../Core/Src/stm32l0xx_it.c" -mcpu=cortex-m0plus -std=gnu11 -g3 -DDEBUG -DUSE_HAL_DRIVER -DSTM32L072xx -c -I../Core/Inc -I../Drivers/STM32L0xx_HAL_Driver/Inc -I../Drivers/STM32L0xx_HAL_Driver/Inc/Legacy -I../Drivers/CMSIS/Device/ST/STM32L0xx/Include -I../Drivers/CMSIS/Include -O0 -ffunction-sections -fdata-sections -Wall -fstack-usage -fcyclomatic-complexity -MMD -MP -MF"Core/Src/stm32l0xx_it.d" -MT"Core/Src/stm32l0xx_it.o" --specs=nano.specs -mfloat-abi=soft -mthumb -o "Core/Src/stm32l0xx_it.o"
arm-none-eabi-gcc "../Core/Src/syscalls.c" -mcpu=cortex-m0plus -std=gnu11 -g3 -DDEBUG -DUSE_HAL_DRIVER -DSTM32L072xx -c -I../Core/Inc -I../Drivers/STM32L0xx_HAL_Driver/Inc -I../Drivers/STM32L0xx_HAL_Driver/Inc/Legacy -I../Drivers/CMSIS/Device/ST/STM32L0xx/Include -I../Drivers/CMSIS/Include -O0 -ffunction-sections -fdata-sections -Wall -fstack-usage -fcyclomatic-complexity -MMD -MP -MF"Core/Src/syscalls.d" -MT"Core/Src/syscalls.o" --specs=nano.specs -mfloat-abi=soft -mthumb -o "Core/Src/syscalls.o"
arm-none-eabi-gcc "../Core/Src/sysmem.c" -mcpu=cortex-m0plus -std=gnu11 -g3 -DDEBUG -DUSE_HAL_DRIVER -DSTM32L072xx -c -I../Core/Inc -I../Drivers/STM32L0xx_HAL_Driver/Inc -I../Drivers/STM32L0xx_HAL_Driver/Inc/Legacy -I../Drivers/CMSIS/Device/ST/STM32L0xx/Include -I../Drivers/CMSIS/Include -O0 -ffunction-sections -fdata-sections -Wall -fstack-usage -fcyclomatic-complexity -MMD -MP -MF"Core/Src/sysmem.d" -MT"Core/Src/sysmem.o" --specs=nano.specs -mfloat-abi=soft -mthumb -o "Core/Src/sysmem.o"
arm-none-eabi-gcc "../Core/Src/system_stm32l0xx.c" -mcpu=cortex-m0plus -std=gnu11 -g3 -DDEBUG -DUSE_HAL_DRIVER -DSTM32L072xx -c -I../Core/Inc -I../Drivers/STM32L0xx_HAL_Driver/Inc -I../Drivers/STM32L0xx_HAL_Driver/Inc/Legacy -I../Drivers/CMSIS/Device/ST/STM32L0xx/Include -I../Drivers/CMSIS/Include -O0 -ffunction-sections -fdata-sections -Wall -fstack-usage -fcyclomatic-complexity -MMD -MP -MF"Core/Src/system_stm32l0xx.d" -MT"Core/Src/system_stm32l0xx.o" --specs=nano.specs -mfloat-abi=soft -mthumb -o "Core/Src/system_stm32l0xx.o"
arm-none-eabi-gcc -o "algo_test_1.elf" @"objects.list"   -mcpu=cortex-m0plus -T"C:\Users\Syed Fardin\Desktop\Coding\maze-solver-stm32\algo_test_1\STM32L072CZYX_FLASH.ld" --specs=nosys.specs -Wl,-Map="algo_test_1.map" -Wl,--gc-sections -static --specs=nano.specs -mfloat-abi=soft -mthumb -Wl,--start-group -lc -lm -Wl,--end-group
Finished building target: algo_test_1.elf
 
arm-none-eabi-size  algo_test_1.elf 
arm-none-eabi-objdump -h -S algo_test_1.elf  > "algo_test_1.list"
   text	   data	    bss	    dec	    hex	filename
  15700	     12	   1828	  17540	   4484	algo_test_1.elf
Finished building: default.size.stdout
 
Finished building: algo_test_1.list
 
20:59:01 **** Incremental Build of configuration Debug for project algo_test_1 ****
make -j18 all 
arm-none-eabi-size  algo_test_1.elf 
   text	   data	    bss	    dec	    hex	filename
  15700	     12	   1828	  17540	   4484	algo_test_1.elf
Finished building: default.size.stdout
 
21:01:02 **** Incremental Build of configuration Debug for project algo_test_1 ****
make -j18 all 
arm-none-eabi-gcc "../Core/Src/main.c" -mcpu=cortex-m0plus -std=gnu11 -g3 -DDEBUG -DUSE_HAL_DRIVER -DSTM32L072xx -c -I../Core/Inc -I../Drivers/STM32L0xx_HAL_Driver/Inc -I../Drivers/STM32L0xx_HAL_Driver/Inc/Legacy -I../Drivers/CMSIS/Device/ST/STM32L0xx/Include -I../Drivers/CMSIS/Include -O0 -ffunction-sections -fdata-sections -Wall -fstack-usage -fcyclomatic-complexity -MMD -MP -MF"Core/Src/main.d" -MT"Core/Src/main.o" --specs=nano.specs -mfloat-abi=soft -mthumb -o "Core/Src/main.o"
arm-none-eabi-gcc -o "algo_test_1.elf" @"objects.list"   -mcpu=cortex-m0plus -T"C:\Users\Syed Fardin\Desktop\Coding\maze-solver-stm32\algo_test_1\STM32L072CZYX_FLASH.ld" --specs=nosys.specs -Wl,-Map="algo_test_1.map" -Wl,--gc-sections -static --specs=nano.specs -mfloat-abi=soft -mthumb -Wl,--start-group -lc -lm -Wl,--end-group
Finished building target: algo_test_1.elf
 
arm-none-eabi-size  algo_test_1.elf 
arm-none-eabi-objdump -h -S algo_test_1.elf  > "algo_test_1.list"
   text	   data	    bss	    dec	    hex	filename
  15616	     12	   1828	  17456	   4430	algo_test_1.elf
Finished building: default.size.stdout
 
Finished building: algo_test_1.list
 
21:02:43 **** Incremental Build of configuration Debug for project algo_test_1 ****
make -j18 all 
arm-none-eabi-size  algo_test_1.elf 
   text	   data	    bss	    dec	    hex	filename
  15616	     12	   1828	  17456	   4430	algo_test_1.elf
Finished building: default.size.stdout
 
21:03:16 **** Incremental Build of configuration Debug for project algo_test_1 ****
make -j18 all 
arm-none-eabi-gcc "../Core/Src/main.c" -mcpu=cortex-m0plus -std=gnu11 -g3 -DDEBUG -DUSE_HAL_DRIVER -DSTM32L072xx -c -I../Core/Inc -I../Drivers/STM32L0xx_HAL_Driver/Inc -I../Drivers/STM32L0xx_HAL_Driver/Inc/Legacy -I../Drivers/CMSIS/Device/ST/STM32L0xx/Include -I../Drivers/CMSIS/Include -O0 -ffunction-sections -fdata-sections -Wall -fstack-usage -fcyclomatic-complexity -MMD -MP -MF"Core/Src/main.d" -MT"Core/Src/main.o" --specs=nano.specs -mfloat-abi=soft -mthumb -o "Core/Src/main.o"
arm-none-eabi-gcc -o "algo_test_1.elf" @"objects.list"   -mcpu=cortex-m0plus -T"C:\Users\Syed Fardin\Desktop\Coding\maze-solver-stm32\algo_test_1\STM32L072CZYX_FLASH.ld" --specs=nosys.specs -Wl,-Map="algo_test_1.map" -Wl,--gc-sections -static --specs=nano.specs -mfloat-abi=soft -mthumb -Wl,--start-group -lc -lm -Wl,--end-group
Finished building target: algo_test_1.elf
 
arm-none-eabi-size  algo_test_1.elf 
arm-none-eabi-objdump -h -S algo_test_1.elf  > "algo_test_1.list"
   text	   data	    bss	    dec	    hex	filename
  15700	     12	   1828	  17540	   4484	algo_test_1.elf
Finished building: default.size.stdout
 
Finished building: algo_test_1.list
 
21:07:30 **** Incremental Build of configuration Debug for project algo_test_1 ****
make -j18 all 
arm-none-eabi-size  algo_test_1.elf 
   text	   data	    bss	    dec	    hex	filename
  15700	     12	   1828	  17540	   4484	algo_test_1.elf
Finished building: default.size.stdout
 
21:09:06 **** Incremental Build of configuration Debug for project algo_test_1 ****
make -j18 all 
arm-none-eabi-gcc "../Core/Src/main.c" -mcpu=cortex-m0plus -std=gnu11 -g3 -DDEBUG -DUSE_HAL_DRIVER -DSTM32L072xx -c -I../Core/Inc -I../Drivers/STM32L0xx_HAL_Driver/Inc -I../Drivers/STM32L0xx_HAL_Driver/Inc/Legacy -I../Drivers/CMSIS/Device/ST/STM32L0xx/Include -I../Drivers/CMSIS/Include -O0 -ffunction-sections -fdata-sections -Wall -fstack-usage -fcyclomatic-complexity -MMD -MP -MF"Core/Src/main.d" -MT"Core/Src/main.o" --specs=nano.specs -mfloat-abi=soft -mthumb -o "Core/Src/main.o"
arm-none-eabi-gcc -o "algo_test_1.elf" @"objects.list"   -mcpu=cortex-m0plus -T"C:\Users\Syed Fardin\Desktop\Coding\maze-solver-stm32\algo_test_1\STM32L072CZYX_FLASH.ld" --specs=nosys.specs -Wl,-Map="algo_test_1.map" -Wl,--gc-sections -static --specs=nano.specs -mfloat-abi=soft -mthumb -Wl,--start-group -lc -lm -Wl,--end-group
Finished building target: algo_test_1.elf
 
arm-none-eabi-size  algo_test_1.elf 
arm-none-eabi-objdump -h -S algo_test_1.elf  > "algo_test_1.list"
   text	   data	    bss	    dec	    hex	filename
  15700	     12	   1828	  17540	   4484	algo_test_1.elf
Finished building: default.size.stdout
 
Finished building: algo_test_1.list
 
21:10:09 **** Incremental Build of configuration Debug for project algo_test_1 ****
make -j18 all 
arm-none-eabi-gcc "../Core/Src/main.c" -mcpu=cortex-m0plus -std=gnu11 -g3 -DDEBUG -DUSE_HAL_DRIVER -DSTM32L072xx -c -I../Core/Inc -I../Drivers/STM32L0xx_HAL_Driver/Inc -I../Drivers/STM32L0xx_HAL_Driver/Inc/Legacy -I../Drivers/CMSIS/Device/ST/STM32L0xx/Include -I../Drivers/CMSIS/Include -O0 -ffunction-sections -fdata-sections -Wall -fstack-usage -fcyclomatic-complexity -MMD -MP -MF"Core/Src/main.d" -MT"Core/Src/main.o" --specs=nano.specs -mfloat-abi=soft -mthumb -o "Core/Src/main.o"
arm-none-eabi-gcc -o "algo_test_1.elf" @"objects.list"   -mcpu=cortex-m0plus -T"C:\Users\Syed Fardin\Desktop\Coding\maze-solver-stm32\algo_test_1\STM32L072CZYX_FLASH.ld" --specs=nosys.specs -Wl,-Map="algo_test_1.map" -Wl,--gc-sections -static --specs=nano.specs -mfloat-abi=soft -mthumb -Wl,--start-group -lc -lm -Wl,--end-group
Finished building target: algo_test_1.elf
 
arm-none-eabi-size  algo_test_1.elf 
arm-none-eabi-objdump -h -S algo_test_1.elf  > "algo_test_1.list"
   text	   data	    bss	    dec	    hex	filename
  15700	     12	   1828	  17540	   4484	algo_test_1.elf
Finished building: default.size.stdout
 
Finished building: algo_test_1.list
 
21:16:26 **** Incremental Build of configuration Debug for project algo_test_1 ****
make -j18 all 
arm-none-eabi-gcc "../Core/Src/main.c" -mcpu=cortex-m0plus -std=gnu11 -g3 -DDEBUG -DUSE_HAL_DRIVER -DSTM32L072xx -c -I../Core/Inc -I../Drivers/STM32L0xx_HAL_Driver/Inc -I../Drivers/STM32L0xx_HAL_Driver/Inc/Legacy -I../Drivers/CMSIS/Device/ST/STM32L0xx/Include -I../Drivers/CMSIS/Include -O0 -ffunction-sections -fdata-sections -Wall -fstack-usage -fcyclomatic-complexity -MMD -MP -MF"Core/Src/main.d" -MT"Core/Src/main.o" --specs=nano.specs -mfloat-abi=soft -mthumb -o "Core/Src/main.o"
arm-none-eabi-gcc -o "algo_test_1.elf" @"objects.list"   -mcpu=cortex-m0plus -T"C:\Users\Syed Fardin\Desktop\Coding\maze-solver-stm32\algo_test_1\STM32L072CZYX_FLASH.ld" --specs=nosys.specs -Wl,-Map="algo_test_1.map" -Wl,--gc-sections -static --specs=nano.specs -mfloat-abi=soft -mthumb -Wl,--start-group -lc -lm -Wl,--end-group
Finished building target: algo_test_1.elf
 
arm-none-eabi-size  algo_test_1.elf 
arm-none-eabi-objdump -h -S algo_test_1.elf  > "algo_test_1.list"
   text	   data	    bss	    dec	    hex	filename
  15704	     12	   1836	  17552	   4490	algo_test_1.elf
Finished building: default.size.stdout
 
Finished building: algo_test_1.list
 
21:17:29 **** Incremental Build of configuration Debug for project algo_test_1 ****
make -j18 all 
arm-none-eabi-gcc "../Core/Src/main.c" -mcpu=cortex-m0plus -std=gnu11 -g3 -DDEBUG -DUSE_HAL_DRIVER -DSTM32L072xx -c -I../Core/Inc -I../Drivers/STM32L0xx_HAL_Driver/Inc -I../Drivers/STM32L0xx_HAL_Driver/Inc/Legacy -I../Drivers/CMSIS/Device/ST/STM32L0xx/Include -I../Drivers/CMSIS/Include -O0 -ffunction-sections -fdata-sections -Wall -fstack-usage -fcyclomatic-complexity -MMD -MP -MF"Core/Src/main.d" -MT"Core/Src/main.o" --specs=nano.specs -mfloat-abi=soft -mthumb -o "Core/Src/main.o"
arm-none-eabi-gcc -o "algo_test_1.elf" @"objects.list"   -mcpu=cortex-m0plus -T"C:\Users\Syed Fardin\Desktop\Coding\maze-solver-stm32\algo_test_1\STM32L072CZYX_FLASH.ld" --specs=nosys.specs -Wl,-Map="algo_test_1.map" -Wl,--gc-sections -static --specs=nano.specs -mfloat-abi=soft -mthumb -Wl,--start-group -lc -lm -Wl,--end-group
Finished building target: algo_test_1.elf
 
arm-none-eabi-size  algo_test_1.elf 
arm-none-eabi-objdump -h -S algo_test_1.elf  > "algo_test_1.list"
   text	   data	    bss	    dec	    hex	filename
  15704	     12	   1836	  17552	   4490	algo_test_1.elf
Finished building: default.size.stdout
 
Finished building: algo_test_1.list
 
21:18:05 **** Incremental Build of configuration Debug for project algo_test_1 ****
make -j18 all 
arm-none-eabi-gcc "../Core/Src/main.c" -mcpu=cortex-m0plus -std=gnu11 -g3 -DDEBUG -DUSE_HAL_DRIVER -DSTM32L072xx -c -I../Core/Inc -I../Drivers/STM32L0xx_HAL_Driver/Inc -I../Drivers/STM32L0xx_HAL_Driver/Inc/Legacy -I../Drivers/CMSIS/Device/ST/STM32L0xx/Include -I../Drivers/CMSIS/Include -O0 -ffunction-sections -fdata-sections -Wall -fstack-usage -fcyclomatic-complexity -MMD -MP -MF"Core/Src/main.d" -MT"Core/Src/main.o" --specs=nano.specs -mfloat-abi=soft -mthumb -o "Core/Src/main.o"
arm-none-eabi-gcc -o "algo_test_1.elf" @"objects.list"   -mcpu=cortex-m0plus -T"C:\Users\Syed Fardin\Desktop\Coding\maze-solver-stm32\algo_test_1\STM32L072CZYX_FLASH.ld" --specs=nosys.specs -Wl,-Map="algo_test_1.map" -Wl,--gc-sections -static --specs=nano.specs -mfloat-abi=soft -mthumb -Wl,--start-group -lc -lm -Wl,--end-group
Finished building target: algo_test_1.elf
 
arm-none-eabi-size  algo_test_1.elf 
arm-none-eabi-objdump -h -S algo_test_1.elf  > "algo_test_1.list"
   text	   data	    bss	    dec	    hex	filename
  15700	     12	   1836	  17548	   448c	algo_test_1.elf
Finished building: default.size.stdout
 
Finished building: algo_test_1.list
 
21:21:39 **** Incremental Build of configuration Debug for project algo_test_1 ****
make -j18 all 
arm-none-eabi-gcc "../Core/Src/main.c" -mcpu=cortex-m0plus -std=gnu11 -g3 -DDEBUG -DUSE_HAL_DRIVER -DSTM32L072xx -c -I../Core/Inc -I../Drivers/STM32L0xx_HAL_Driver/Inc -I../Drivers/STM32L0xx_HAL_Driver/Inc/Legacy -I../Drivers/CMSIS/Device/ST/STM32L0xx/Include -I../Drivers/CMSIS/Include -O0 -ffunction-sections -fdata-sections -Wall -fstack-usage -fcyclomatic-complexity -MMD -MP -MF"Core/Src/main.d" -MT"Core/Src/main.o" --specs=nano.specs -mfloat-abi=soft -mthumb -o "Core/Src/main.o"
arm-none-eabi-gcc -o "algo_test_1.elf" @"objects.list"   -mcpu=cortex-m0plus -T"C:\Users\Syed Fardin\Desktop\Coding\maze-solver-stm32\algo_test_1\STM32L072CZYX_FLASH.ld" --specs=nosys.specs -Wl,-Map="algo_test_1.map" -Wl,--gc-sections -static --specs=nano.specs -mfloat-abi=soft -mthumb -Wl,--start-group -lc -lm -Wl,--end-group
Finished building target: algo_test_1.elf
 
arm-none-eabi-size  algo_test_1.elf 
arm-none-eabi-objdump -h -S algo_test_1.elf  > "algo_test_1.list"
   text	   data	    bss	    dec	    hex	filename
  15700	     12	   1836	  17548	   448c	algo_test_1.elf
Finished building: default.size.stdout
 
Finished building: algo_test_1.list
 
17:33:19 **** Incremental Build of configuration Debug for project algo_test_1 ****
make -j18 all 
arm-none-eabi-gcc "../Core/Src/main.c" -mcpu=cortex-m0plus -std=gnu11 -g3 -DDEBUG -DUSE_HAL_DRIVER -DSTM32L072xx -c -I../Core/Inc -I../Drivers/STM32L0xx_HAL_Driver/Inc -I../Drivers/STM32L0xx_HAL_Driver/Inc/Legacy -I../Drivers/CMSIS/Device/ST/STM32L0xx/Include -I../Drivers/CMSIS/Include -O0 -ffunction-sections -fdata-sections -Wall -fstack-usage -fcyclomatic-complexity -MMD -MP -MF"Core/Src/main.d" -MT"Core/Src/main.o" --specs=nano.specs -mfloat-abi=soft -mthumb -o "Core/Src/main.o"
arm-none-eabi-gcc -o "algo_test_1.elf" @"objects.list"   -mcpu=cortex-m0plus -T"C:\Users\Syed Fardin\Desktop\Coding\maze-solver-stm32\algo_test_1\STM32L072CZYX_FLASH.ld" --specs=nosys.specs -Wl,-Map="algo_test_1.map" -Wl,--gc-sections -static --specs=nano.specs -mfloat-abi=soft -mthumb -Wl,--start-group -lc -lm -Wl,--end-group
Finished building target: algo_test_1.elf
 
arm-none-eabi-size  algo_test_1.elf 
arm-none-eabi-objdump -h -S algo_test_1.elf  > "algo_test_1.list"
   text	   data	    bss	    dec	    hex	filename
  15700	     12	   1836	  17548	   448c	algo_test_1.elf
Finished building: default.size.stdout
 
Finished building: algo_test_1.list
 
17:43:05 **** Incremental Build of configuration Debug for project algo_test_1 ****
make -j18 all 
arm-none-eabi-gcc "../Core/Src/main.c" -mcpu=cortex-m0plus -std=gnu11 -g3 -DDEBUG -DUSE_HAL_DRIVER -DSTM32L072xx -c -I../Core/Inc -I../Drivers/STM32L0xx_HAL_Driver/Inc -I../Drivers/STM32L0xx_HAL_Driver/Inc/Legacy -I../Drivers/CMSIS/Device/ST/STM32L0xx/Include -I../Drivers/CMSIS/Include -O0 -ffunction-sections -fdata-sections -Wall -fstack-usage -fcyclomatic-complexity -MMD -MP -MF"Core/Src/main.d" -MT"Core/Src/main.o" --specs=nano.specs -mfloat-abi=soft -mthumb -o "Core/Src/main.o"
arm-none-eabi-gcc -o "algo_test_1.elf" @"objects.list"   -mcpu=cortex-m0plus -T"C:\Users\Syed Fardin\Desktop\Coding\maze-solver-stm32\algo_test_1\STM32L072CZYX_FLASH.ld" --specs=nosys.specs -Wl,-Map="algo_test_1.map" -Wl,--gc-sections -static --specs=nano.specs -mfloat-abi=soft -mthumb -Wl,--start-group -lc -lm -Wl,--end-group
Finished building target: algo_test_1.elf
 
arm-none-eabi-size  algo_test_1.elf 
arm-none-eabi-objdump -h -S algo_test_1.elf  > "algo_test_1.list"
   text	   data	    bss	    dec	    hex	filename
  15668	     12	   1828	  17508	   4464	algo_test_1.elf
Finished building: default.size.stdout
 
Finished building: algo_test_1.list
 
17:44:42 **** Incremental Build of configuration Debug for project algo_test_1 ****
make -j18 all 
arm-none-eabi-gcc "../Core/Src/main.c" -mcpu=cortex-m0plus -std=gnu11 -g3 -DDEBUG -DUSE_HAL_DRIVER -DSTM32L072xx -c -I../Core/Inc -I../Drivers/STM32L0xx_HAL_Driver/Inc -I../Drivers/STM32L0xx_HAL_Driver/Inc/Legacy -I../Drivers/CMSIS/Device/ST/STM32L0xx/Include -I../Drivers/CMSIS/Include -O0 -ffunction-sections -fdata-sections -Wall -fstack-usage -fcyclomatic-complexity -MMD -MP -MF"Core/Src/main.d" -MT"Core/Src/main.o" --specs=nano.specs -mfloat-abi=soft -mthumb -o "Core/Src/main.o"
arm-none-eabi-gcc -o "algo_test_1.elf" @"objects.list"   -mcpu=cortex-m0plus -T"C:\Users\Syed Fardin\Desktop\Coding\maze-solver-stm32\algo_test_1\STM32L072CZYX_FLASH.ld" --specs=nosys.specs -Wl,-Map="algo_test_1.map" -Wl,--gc-sections -static --specs=nano.specs -mfloat-abi=soft -mthumb -Wl,--start-group -lc -lm -Wl,--end-group
Finished building target: algo_test_1.elf
 
arm-none-eabi-size  algo_test_1.elf 
arm-none-eabi-objdump -h -S algo_test_1.elf  > "algo_test_1.list"
   text	   data	    bss	    dec	    hex	filename
  15668	     12	   1828	  17508	   4464	algo_test_1.elf
Finished building: default.size.stdout
 
Finished building: algo_test_1.list
 
17:45:47 **** Incremental Build of configuration Debug for project algo_test_1 ****
make -j18 all 
arm-none-eabi-gcc "../Core/Src/main.c" -mcpu=cortex-m0plus -std=gnu11 -g3 -DDEBUG -DUSE_HAL_DRIVER -DSTM32L072xx -c -I../Core/Inc -I../Drivers/STM32L0xx_HAL_Driver/Inc -I../Drivers/STM32L0xx_HAL_Driver/Inc/Legacy -I../Drivers/CMSIS/Device/ST/STM32L0xx/Include -I../Drivers/CMSIS/Include -O0 -ffunction-sections -fdata-sections -Wall -fstack-usage -fcyclomatic-complexity -MMD -MP -MF"Core/Src/main.d" -MT"Core/Src/main.o" --specs=nano.specs -mfloat-abi=soft -mthumb -o "Core/Src/main.o"
arm-none-eabi-gcc -o "algo_test_1.elf" @"objects.list"   -mcpu=cortex-m0plus -T"C:\Users\Syed Fardin\Desktop\Coding\maze-solver-stm32\algo_test_1\STM32L072CZYX_FLASH.ld" --specs=nosys.specs -Wl,-Map="algo_test_1.map" -Wl,--gc-sections -static --specs=nano.specs -mfloat-abi=soft -mthumb -Wl,--start-group -lc -lm -Wl,--end-group
Finished building target: algo_test_1.elf
 
arm-none-eabi-size  algo_test_1.elf 
arm-none-eabi-objdump -h -S algo_test_1.elf  > "algo_test_1.list"
   text	   data	    bss	    dec	    hex	filename
  15668	     12	   1828	  17508	   4464	algo_test_1.elf
Finished building: default.size.stdout
 
Finished building: algo_test_1.list
 
18:22:54 **** Incremental Build of configuration Debug for project algo_test_1 ****
make -j18 all 
arm-none-eabi-gcc "../Core/Src/main.c" -mcpu=cortex-m0plus -std=gnu11 -g3 -DDEBUG -DUSE_HAL_DRIVER -DSTM32L072xx -c -I../Core/Inc -I../Drivers/STM32L0xx_HAL_Driver/Inc -I../Drivers/STM32L0xx_HAL_Driver/Inc/Legacy -I../Drivers/CMSIS/Device/ST/STM32L0xx/Include -I../Drivers/CMSIS/Include -O0 -ffunction-sections -fdata-sections -Wall -fstack-usage -fcyclomatic-complexity -MMD -MP -MF"Core/Src/main.d" -MT"Core/Src/main.o" --specs=nano.specs -mfloat-abi=soft -mthumb -o "Core/Src/main.o"
../Core/Src/main.c:35:21: error: variably modified 'cells' at file scope
   35 |         struct Cell cells[maze_dimen[0]][maze_dimen[1]];
      |                     ^~~~~
../Core/Src/main.c:35:21: error: variably modified 'cells' at file scope
../Core/Src/main.c:45:16: error: variably modified 'intersection_stack' at file scope
   45 |         int8_t intersection_stack[intersection_stack_max_len][2];
      |                ^~~~~~~~~~~~~~~~~~
../Core/Src/main.c:48:17: error: variably modified 'bfs_q' at file scope
   48 |         uint8_t bfs_q[bfs_q_max_len][2];
      |                 ^~~~~
../Core/Src/main.c: In function 'main':
../Core/Src/main.c:170:3: error: too few arguments to function 'Maze'
  170 |   Maze(&maze);
      |   ^~~~
../Core/Src/main.c:64:6: note: declared here
   64 | void Maze(struct Maze* maze,int8_t destx,int8_t desty){
      |      ^~~~
make: *** [Core/Src/subdir.mk:34: Core/Src/main.o] Error 1
"make -j18 all" terminated with exit code 2. Build might be incomplete.
18:23:15 **** Incremental Build of configuration Debug for project algo_test_1 ****
make -j18 all 
arm-none-eabi-gcc "../Core/Src/main.c" -mcpu=cortex-m0plus -std=gnu11 -g3 -DDEBUG -DUSE_HAL_DRIVER -DSTM32L072xx -c -I../Core/Inc -I../Drivers/STM32L0xx_HAL_Driver/Inc -I../Drivers/STM32L0xx_HAL_Driver/Inc/Legacy -I../Drivers/CMSIS/Device/ST/STM32L0xx/Include -I../Drivers/CMSIS/Include -O0 -ffunction-sections -fdata-sections -Wall -fstack-usage -fcyclomatic-complexity -MMD -MP -MF"Core/Src/main.d" -MT"Core/Src/main.o" --specs=nano.specs -mfloat-abi=soft -mthumb -o "Core/Src/main.o"
../Core/Src/main.c:35:21: error: variably modified 'cells' at file scope
   35 |         struct Cell cells[maze_dimen[0]][maze_dimen[1]];
      |                     ^~~~~
../Core/Src/main.c:35:21: error: variably modified 'cells' at file scope
../Core/Src/main.c:45:16: error: variably modified 'intersection_stack' at file scope
   45 |         int8_t intersection_stack[intersection_stack_max_len][2];
      |                ^~~~~~~~~~~~~~~~~~
../Core/Src/main.c:48:17: error: variably modified 'bfs_q' at file scope
   48 |         uint8_t bfs_q[bfs_q_max_len][2];
      |                 ^~~~~
make: *** [Core/Src/subdir.mk:34: Core/Src/main.o] Error 1
"make -j18 all" terminated with exit code 2. Build might be incomplete.
18:33:31 **** Incremental Build of configuration Debug for project algo_test_1 ****
make -j18 all 
arm-none-eabi-gcc "../Core/Src/main.c" -mcpu=cortex-m0plus -std=gnu11 -g3 -DDEBUG -DUSE_HAL_DRIVER -DSTM32L072xx -c -I../Core/Inc -I../Drivers/STM32L0xx_HAL_Driver/Inc -I../Drivers/STM32L0xx_HAL_Driver/Inc/Legacy -I../Drivers/CMSIS/Device/ST/STM32L0xx/Include -I../Drivers/CMSIS/Include -O0 -ffunction-sections -fdata-sections -Wall -fstack-usage -fcyclomatic-complexity -MMD -MP -MF"Core/Src/main.d" -MT"Core/Src/main.o" --specs=nano.specs -mfloat-abi=soft -mthumb -o "Core/Src/main.o"
arm-none-eabi-gcc -o "algo_test_1.elf" @"objects.list"   -mcpu=cortex-m0plus -T"C:\Users\Syed Fardin\Desktop\Coding\maze-solver-stm32\algo_test_1\STM32L072CZYX_FLASH.ld" --specs=nosys.specs -Wl,-Map="algo_test_1.map" -Wl,--gc-sections -static --specs=nano.specs -mfloat-abi=soft -mthumb -Wl,--start-group -lc -lm -Wl,--end-group
Finished building target: algo_test_1.elf
 
arm-none-eabi-size  algo_test_1.elf 
arm-none-eabi-objdump -h -S algo_test_1.elf  > "algo_test_1.list"
   text	   data	    bss	    dec	    hex	filename
  16052	     12	   1828	  17892	   45e4	algo_test_1.elf
Finished building: default.size.stdout
 
Finished building: algo_test_1.list
 
18:35:13 **** Incremental Build of configuration Debug for project algo_test_1 ****
make -j18 all 
arm-none-eabi-gcc "../Core/Src/main.c" -mcpu=cortex-m0plus -std=gnu11 -g3 -DDEBUG -DUSE_HAL_DRIVER -DSTM32L072xx -c -I../Core/Inc -I../Drivers/STM32L0xx_HAL_Driver/Inc -I../Drivers/STM32L0xx_HAL_Driver/Inc/Legacy -I../Drivers/CMSIS/Device/ST/STM32L0xx/Include -I../Drivers/CMSIS/Include -O0 -ffunction-sections -fdata-sections -Wall -fstack-usage -fcyclomatic-complexity -MMD -MP -MF"Core/Src/main.d" -MT"Core/Src/main.o" --specs=nano.specs -mfloat-abi=soft -mthumb -o "Core/Src/main.o"
arm-none-eabi-gcc -o "algo_test_1.elf" @"objects.list"   -mcpu=cortex-m0plus -T"C:\Users\Syed Fardin\Desktop\Coding\maze-solver-stm32\algo_test_1\STM32L072CZYX_FLASH.ld" --specs=nosys.specs -Wl,-Map="algo_test_1.map" -Wl,--gc-sections -static --specs=nano.specs -mfloat-abi=soft -mthumb -Wl,--start-group -lc -lm -Wl,--end-group
Finished building target: algo_test_1.elf
 
arm-none-eabi-size  algo_test_1.elf 
arm-none-eabi-objdump -h -S algo_test_1.elf  > "algo_test_1.list"
   text	   data	    bss	    dec	    hex	filename
  16052	     12	   1828	  17892	   45e4	algo_test_1.elf
Finished building: default.size.stdout
 
Finished building: algo_test_1.list
 
19:01:37 **** Incremental Build of configuration Debug for project algo_test_1 ****
make -j18 all 
arm-none-eabi-gcc "../Core/Src/main.c" -mcpu=cortex-m0plus -std=gnu11 -g3 -DDEBUG -DUSE_HAL_DRIVER -DSTM32L072xx -c -I../Core/Inc -I../Drivers/STM32L0xx_HAL_Driver/Inc -I../Drivers/STM32L0xx_HAL_Driver/Inc/Legacy -I../Drivers/CMSIS/Device/ST/STM32L0xx/Include -I../Drivers/CMSIS/Include -O0 -ffunction-sections -fdata-sections -Wall -fstack-usage -fcyclomatic-complexity -MMD -MP -MF"Core/Src/main.d" -MT"Core/Src/main.o" --specs=nano.specs -mfloat-abi=soft -mthumb -o "Core/Src/main.o"
arm-none-eabi-gcc -o "algo_test_1.elf" @"objects.list"   -mcpu=cortex-m0plus -T"C:\Users\Syed Fardin\Desktop\Coding\maze-solver-stm32\algo_test_1\STM32L072CZYX_FLASH.ld" --specs=nosys.specs -Wl,-Map="algo_test_1.map" -Wl,--gc-sections -static --specs=nano.specs -mfloat-abi=soft -mthumb -Wl,--start-group -lc -lm -Wl,--end-group
Finished building target: algo_test_1.elf
 
arm-none-eabi-size  algo_test_1.elf 
arm-none-eabi-objdump -h -S algo_test_1.elf  > "algo_test_1.list"
   text	   data	    bss	    dec	    hex	filename
  16300	     12	   1828	  18140	   46dc	algo_test_1.elf
Finished building: default.size.stdout
 
Finished building: algo_test_1.list
 
19:21:06 **** Incremental Build of configuration Debug for project algo_test_1 ****
make -j18 all 
arm-none-eabi-gcc "../Core/Src/main.c" -mcpu=cortex-m0plus -std=gnu11 -g3 -DDEBUG -DUSE_HAL_DRIVER -DSTM32L072xx -c -I../Core/Inc -I../Drivers/STM32L0xx_HAL_Driver/Inc -I../Drivers/STM32L0xx_HAL_Driver/Inc/Legacy -I../Drivers/CMSIS/Device/ST/STM32L0xx/Include -I../Drivers/CMSIS/Include -O0 -ffunction-sections -fdata-sections -Wall -fstack-usage -fcyclomatic-complexity -MMD -MP -MF"Core/Src/main.d" -MT"Core/Src/main.o" --specs=nano.specs -mfloat-abi=soft -mthumb -o "Core/Src/main.o"
../Core/Src/main.c: In function 'SIM_wall_left':
../Core/Src/main.c:174:12: error: 'orient' undeclared (first use in this function)
  174 |         if(orient=='N' && maze->wallLeft==1) return 1;
      |            ^~~~~~
../Core/Src/main.c:174:12: note: each undeclared identifier is reported only once for each function it appears in
../Core/Src/main.c:174:31: error: 'struct Maze' has no member named 'wallLeft'
  174 |         if(orient=='N' && maze->wallLeft==1) return 1;
      |                               ^~
../Core/Src/main.c:175:36: error: 'struct Maze' has no member named 'wallFront'
  175 |         else if(orient=='E' && maze->wallFront==1) return 1;
      |                                    ^~
../Core/Src/main.c:176:36: error: 'struct Maze' has no member named 'wallRight'
  176 |         else if(orient=='S' && maze->wallRight==1) return 1;
      |                                    ^~
../Core/Src/main.c:177:36: error: 'struct Maze' has no member named 'wallBack'
  177 |         else if(orient=='W' && maze->wallBack==1) return 1;
      |                                    ^~
../Core/Src/main.c: In function 'SIM_wall_right':
../Core/Src/main.c:181:12: error: 'orient' undeclared (first use in this function)
  181 |         if(orient=='N' && maze->wallRight==1) return 1;
      |            ^~~~~~
../Core/Src/main.c:181:31: error: 'struct Maze' has no member named 'wallRight'
  181 |         if(orient=='N' && maze->wallRight==1) return 1;
      |                               ^~
../Core/Src/main.c:182:36: error: 'struct Maze' has no member named 'wallBack'
  182 |         else if(orient=='E' && maze->wallBack==1) return 1;
      |                                    ^~
../Core/Src/main.c:183:36: error: 'struct Maze' has no member named 'wallLeft'
  183 |         else if(orient=='S' && maze->wallLeft==1) return 1;
      |                                    ^~
../Core/Src/main.c:184:36: error: 'struct Maze' has no member named 'wallFront'
  184 |         else if(orient=='W' && maze->wallFront==1) return 1;
      |                                    ^~
../Core/Src/main.c: In function 'SIM_wall_front':
../Core/Src/main.c:188:12: error: 'orient' undeclared (first use in this function)
  188 |         if(orient=='N' && maze->wallFront==1) return 1;
      |            ^~~~~~
../Core/Src/main.c:188:31: error: 'struct Maze' has no member named 'wallFront'
  188 |         if(orient=='N' && maze->wallFront==1) return 1;
      |                               ^~
../Core/Src/main.c:189:36: error: 'struct Maze' has no member named 'wallRight'
  189 |         else if(orient=='E' && maze->wallRight==1) return 1;
      |                                    ^~
../Core/Src/main.c:190:36: error: 'struct Maze' has no member named 'wallBack'
  190 |         else if(orient=='S' && maze->wallBack==1) return 1;
      |                                    ^~
../Core/Src/main.c:191:36: error: 'struct Maze' has no member named 'wallLeft'
  191 |         else if(orient=='W' && maze->wallLeft==1) return 1;
      |                                    ^~
../Core/Src/main.c: In function 'SIM_wall_back':
../Core/Src/main.c:195:12: error: 'orient' undeclared (first use in this function)
  195 |         if(orient=='N' && maze->wallBack==1) return 1;
      |            ^~~~~~
../Core/Src/main.c:195:31: error: 'struct Maze' has no member named 'wallBack'
  195 |         if(orient=='N' && maze->wallBack==1) return 1;
      |                               ^~
../Core/Src/main.c:196:36: error: 'struct Maze' has no member named 'wallLeft'
  196 |         else if(orient=='E' && maze->wallLeft==1) return 1;
      |                                    ^~
../Core/Src/main.c:197:36: error: 'struct Maze' has no member named 'wallFront'
  197 |         else if(orient=='S' && maze->wallFront==1) return 1;
      |                                    ^~
../Core/Src/main.c:198:36: error: 'struct Maze' has no member named 'wallRight'
  198 |         else if(orient=='W' && maze->wallRight==1) return 1;
      |                                    ^~
make: *** [Core/Src/subdir.mk:34: Core/Src/main.o] Error 1
"make -j18 all" terminated with exit code 2. Build might be incomplete.
19:25:33 **** Incremental Build of configuration Debug for project algo_test_1 ****
make -j18 all 
arm-none-eabi-gcc "../Core/Src/main.c" -mcpu=cortex-m0plus -std=gnu11 -g3 -DDEBUG -DUSE_HAL_DRIVER -DSTM32L072xx -c -I../Core/Inc -I../Drivers/STM32L0xx_HAL_Driver/Inc -I../Drivers/STM32L0xx_HAL_Driver/Inc/Legacy -I../Drivers/CMSIS/Device/ST/STM32L0xx/Include -I../Drivers/CMSIS/Include -O0 -ffunction-sections -fdata-sections -Wall -fstack-usage -fcyclomatic-complexity -MMD -MP -MF"Core/Src/main.d" -MT"Core/Src/main.o" --specs=nano.specs -mfloat-abi=soft -mthumb -o "Core/Src/main.o"
arm-none-eabi-gcc -o "algo_test_1.elf" @"objects.list"   -mcpu=cortex-m0plus -T"C:\Users\Syed Fardin\Desktop\Coding\maze-solver-stm32\algo_test_1\STM32L072CZYX_FLASH.ld" --specs=nosys.specs -Wl,-Map="algo_test_1.map" -Wl,--gc-sections -static --specs=nano.specs -mfloat-abi=soft -mthumb -Wl,--start-group -lc -lm -Wl,--end-group
Finished building target: algo_test_1.elf
 
arm-none-eabi-size  algo_test_1.elf 
arm-none-eabi-objdump -h -S algo_test_1.elf  > "algo_test_1.list"
   text	   data	    bss	    dec	    hex	filename
  16448	     12	   1828	  18288	   4770	algo_test_1.elf
Finished building: default.size.stdout
 
Finished building: algo_test_1.list
 
19:28:35 **** Incremental Build of configuration Debug for project algo_test_1 ****
make -j18 all 
arm-none-eabi-gcc "../Core/Src/main.c" -mcpu=cortex-m0plus -std=gnu11 -g3 -DDEBUG -DUSE_HAL_DRIVER -DSTM32L072xx -c -I../Core/Inc -I../Drivers/STM32L0xx_HAL_Driver/Inc -I../Drivers/STM32L0xx_HAL_Driver/Inc/Legacy -I../Drivers/CMSIS/Device/ST/STM32L0xx/Include -I../Drivers/CMSIS/Include -O0 -ffunction-sections -fdata-sections -Wall -fstack-usage -fcyclomatic-complexity -MMD -MP -MF"Core/Src/main.d" -MT"Core/Src/main.o" --specs=nano.specs -mfloat-abi=soft -mthumb -o "Core/Src/main.o"
arm-none-eabi-gcc -o "algo_test_1.elf" @"objects.list"   -mcpu=cortex-m0plus -T"C:\Users\Syed Fardin\Desktop\Coding\maze-solver-stm32\algo_test_1\STM32L072CZYX_FLASH.ld" --specs=nosys.specs -Wl,-Map="algo_test_1.map" -Wl,--gc-sections -static --specs=nano.specs -mfloat-abi=soft -mthumb -Wl,--start-group -lc -lm -Wl,--end-group
Finished building target: algo_test_1.elf
 
arm-none-eabi-size  algo_test_1.elf 
arm-none-eabi-objdump -h -S algo_test_1.elf  > "algo_test_1.list"
   text	   data	    bss	    dec	    hex	filename
  16568	     12	   1828	  18408	   47e8	algo_test_1.elf
Finished building: default.size.stdout
 
Finished building: algo_test_1.list
 
19:33:44 **** Incremental Build of configuration Debug for project algo_test_1 ****
make -j18 all 
arm-none-eabi-gcc "../Core/Src/main.c" -mcpu=cortex-m0plus -std=gnu11 -g3 -DDEBUG -DUSE_HAL_DRIVER -DSTM32L072xx -c -I../Core/Inc -I../Drivers/STM32L0xx_HAL_Driver/Inc -I../Drivers/STM32L0xx_HAL_Driver/Inc/Legacy -I../Drivers/CMSIS/Device/ST/STM32L0xx/Include -I../Drivers/CMSIS/Include -O0 -ffunction-sections -fdata-sections -Wall -fstack-usage -fcyclomatic-complexity -MMD -MP -MF"Core/Src/main.d" -MT"Core/Src/main.o" --specs=nano.specs -mfloat-abi=soft -mthumb -o "Core/Src/main.o"
../Core/Src/main.c: In function 'main':
../Core/Src/main.c:271:11: warning: variable 'wall_Front' set but not used [-Wunused-but-set-variable]
  271 |   uint8_t wall_Front = 3;
      |           ^~~~~~~~~~
arm-none-eabi-gcc -o "algo_test_1.elf" @"objects.list"   -mcpu=cortex-m0plus -T"C:\Users\Syed Fardin\Desktop\Coding\maze-solver-stm32\algo_test_1\STM32L072CZYX_FLASH.ld" --specs=nosys.specs -Wl,-Map="algo_test_1.map" -Wl,--gc-sections -static --specs=nano.specs -mfloat-abi=soft -mthumb -Wl,--start-group -lc -lm -Wl,--end-group
Finished building target: algo_test_1.elf
 
arm-none-eabi-size  algo_test_1.elf 
arm-none-eabi-objdump -h -S algo_test_1.elf  > "algo_test_1.list"
   text	   data	    bss	    dec	    hex	filename
  16892	     12	   1828	  18732	   492c	algo_test_1.elf
Finished building: default.size.stdout
 
Finished building: algo_test_1.list
 
19:43:33 **** Incremental Build of configuration Debug for project algo_test_1 ****
make -j18 all 
arm-none-eabi-gcc "../Core/Src/main.c" -mcpu=cortex-m0plus -std=gnu11 -g3 -DDEBUG -DUSE_HAL_DRIVER -DSTM32L072xx -c -I../Core/Inc -I../Drivers/STM32L0xx_HAL_Driver/Inc -I../Drivers/STM32L0xx_HAL_Driver/Inc/Legacy -I../Drivers/CMSIS/Device/ST/STM32L0xx/Include -I../Drivers/CMSIS/Include -O0 -ffunction-sections -fdata-sections -Wall -fstack-usage -fcyclomatic-complexity -MMD -MP -MF"Core/Src/main.d" -MT"Core/Src/main.o" --specs=nano.specs -mfloat-abi=soft -mthumb -o "Core/Src/main.o"
../Core/Src/main.c: In function 'update_walls':
../Core/Src/main.c:204:13: error: 'struct Maze' has no member named 'orientation'
  204 |     if (maze->orientation == 'N')
      |             ^~
../Core/Src/main.c:236:18: error: 'struct Maze' has no member named 'orientation'
  236 |     else if (maze->orientation == 'E')
      |                  ^~
../Core/Src/main.c:263:18: error: 'struct Maze' has no member named 'orientation'
  263 |     else if (maze->orientation == 'S')
      |                  ^~
../Core/Src/main.c:290:18: error: 'struct Maze' has no member named 'orientation'
  290 |     else if (maze->orientation == 'W')
      |                  ^~
../Core/Src/main.c: In function 'main':
../Core/Src/main.c:346:25: error: 'maze_y' undeclared (first use in this function); did you mean 'maze'?
  346 |   Maze(&maze,maze_x_len,maze_y,len);
      |                         ^~~~~~
      |                         maze
../Core/Src/main.c:346:25: note: each undeclared identifier is reported only once for each function it appears in
../Core/Src/main.c:346:32: error: 'len' undeclared (first use in this function)
  346 |   Maze(&maze,maze_x_len,maze_y,len);
      |                                ^~~
../Core/Src/main.c:346:3: error: too many arguments to function 'Maze'
  346 |   Maze(&maze,maze_x_len,maze_y,len);
      |   ^~~~
../Core/Src/main.c:65:6: note: declared here
   65 | void Maze(struct Maze* maze,int8_t destx,int8_t desty){
      |      ^~~~
../Core/Src/main.c:349:3: error: too few arguments to function 'update_walls'
  349 |   update_walls(&maze);
      |   ^~~~~~~~~~~~
../Core/Src/main.c:203:6: note: declared here
  203 | void update_walls(struct Maze* maze,struct Maze* sim_maze){
      |      ^~~~~~~~~~~~
../Core/Src/main.c:348:7: warning: unused variable 'a' [-Wunused-variable]
  348 |   int a = 1;
      |       ^
make: *** [Core/Src/subdir.mk:34: Core/Src/main.o] Error 1
"make -j18 all" terminated with exit code 2. Build might be incomplete.
19:44:59 **** Incremental Build of configuration Debug for project algo_test_1 ****
make -j18 all 
arm-none-eabi-gcc "../Core/Src/main.c" -mcpu=cortex-m0plus -std=gnu11 -g3 -DDEBUG -DUSE_HAL_DRIVER -DSTM32L072xx -c -I../Core/Inc -I../Drivers/STM32L0xx_HAL_Driver/Inc -I../Drivers/STM32L0xx_HAL_Driver/Inc/Legacy -I../Drivers/CMSIS/Device/ST/STM32L0xx/Include -I../Drivers/CMSIS/Include -O0 -ffunction-sections -fdata-sections -Wall -fstack-usage -fcyclomatic-complexity -MMD -MP -MF"Core/Src/main.d" -MT"Core/Src/main.o" --specs=nano.specs -mfloat-abi=soft -mthumb -o "Core/Src/main.o"
../Core/Src/main.c: In function 'update_walls':
../Core/Src/main.c:204:13: error: 'struct Maze' has no member named 'orientation'
  204 |     if (maze->orientation == 'N')
      |             ^~
../Core/Src/main.c:236:18: error: 'struct Maze' has no member named 'orientation'
  236 |     else if (maze->orientation == 'E')
      |                  ^~
../Core/Src/main.c:263:18: error: 'struct Maze' has no member named 'orientation'
  263 |     else if (maze->orientation == 'S')
      |                  ^~
../Core/Src/main.c:290:18: error: 'struct Maze' has no member named 'orientation'
  290 |     else if (maze->orientation == 'W')
      |                  ^~
../Core/Src/main.c: In function 'main':
../Core/Src/main.c:348:7: warning: unused variable 'a' [-Wunused-variable]
  348 |   int a = 1;
      |       ^
make: *** [Core/Src/subdir.mk:34: Core/Src/main.o] Error 1
"make -j18 all" terminated with exit code 2. Build might be incomplete.
19:45:40 **** Incremental Build of configuration Debug for project algo_test_1 ****
make -j18 all 
arm-none-eabi-gcc "../Core/Src/main.c" -mcpu=cortex-m0plus -std=gnu11 -g3 -DDEBUG -DUSE_HAL_DRIVER -DSTM32L072xx -c -I../Core/Inc -I../Drivers/STM32L0xx_HAL_Driver/Inc -I../Drivers/STM32L0xx_HAL_Driver/Inc/Legacy -I../Drivers/CMSIS/Device/ST/STM32L0xx/Include -I../Drivers/CMSIS/Include -O0 -ffunction-sections -fdata-sections -Wall -fstack-usage -fcyclomatic-complexity -MMD -MP -MF"Core/Src/main.d" -MT"Core/Src/main.o" --specs=nano.specs -mfloat-abi=soft -mthumb -o "Core/Src/main.o"
../Core/Src/main.c: In function 'main':
../Core/Src/main.c:348:7: warning: unused variable 'a' [-Wunused-variable]
  348 |   int a = 1;
      |       ^
arm-none-eabi-gcc -o "algo_test_1.elf" @"objects.list"   -mcpu=cortex-m0plus -T"C:\Users\Syed Fardin\Desktop\Coding\maze-solver-stm32\algo_test_1\STM32L072CZYX_FLASH.ld" --specs=nosys.specs -Wl,-Map="algo_test_1.map" -Wl,--gc-sections -static --specs=nano.specs -mfloat-abi=soft -mthumb -Wl,--start-group -lc -lm -Wl,--end-group
Finished building target: algo_test_1.elf
 
arm-none-eabi-size  algo_test_1.elf 
arm-none-eabi-objdump -h -S algo_test_1.elf  > "algo_test_1.list"
   text	   data	    bss	    dec	    hex	filename
  19124	     12	   1828	  20964	   51e4	algo_test_1.elf
Finished building: default.size.stdout
 
Finished building: algo_test_1.list
 
19:49:23 **** Incremental Build of configuration Debug for project algo_test_1 ****
make -j18 all 
arm-none-eabi-gcc "../Core/Src/main.c" -mcpu=cortex-m0plus -std=gnu11 -g3 -DDEBUG -DUSE_HAL_DRIVER -DSTM32L072xx -c -I../Core/Inc -I../Drivers/STM32L0xx_HAL_Driver/Inc -I../Drivers/STM32L0xx_HAL_Driver/Inc/Legacy -I../Drivers/CMSIS/Device/ST/STM32L0xx/Include -I../Drivers/CMSIS/Include -O0 -ffunction-sections -fdata-sections -Wall -fstack-usage -fcyclomatic-complexity -MMD -MP -MF"Core/Src/main.d" -MT"Core/Src/main.o" --specs=nano.specs -mfloat-abi=soft -mthumb -o "Core/Src/main.o"
../Core/Src/main.c: In function 'main':
../Core/Src/main.c:411:7: warning: unused variable 'a' [-Wunused-variable]
  411 |   int a = 1;
      |       ^
arm-none-eabi-gcc -o "algo_test_1.elf" @"objects.list"   -mcpu=cortex-m0plus -T"C:\Users\Syed Fardin\Desktop\Coding\maze-solver-stm32\algo_test_1\STM32L072CZYX_FLASH.ld" --specs=nosys.specs -Wl,-Map="algo_test_1.map" -Wl,--gc-sections -static --specs=nano.specs -mfloat-abi=soft -mthumb -Wl,--start-group -lc -lm -Wl,--end-group
Finished building target: algo_test_1.elf
 
arm-none-eabi-size  algo_test_1.elf 
arm-none-eabi-objdump -h -S algo_test_1.elf  > "algo_test_1.list"
   text	   data	    bss	    dec	    hex	filename
  19712	     12	   1828	  21552	   5430	algo_test_1.elf
Finished building: default.size.stdout
 
Finished building: algo_test_1.list
 
19:54:03 **** Incremental Build of configuration Debug for project algo_test_1 ****
make -j18 all 
arm-none-eabi-gcc "../Core/Src/main.c" -mcpu=cortex-m0plus -std=gnu11 -g3 -DDEBUG -DUSE_HAL_DRIVER -DSTM32L072xx -c -I../Core/Inc -I../Drivers/STM32L0xx_HAL_Driver/Inc -I../Drivers/STM32L0xx_HAL_Driver/Inc/Legacy -I../Drivers/CMSIS/Device/ST/STM32L0xx/Include -I../Drivers/CMSIS/Include -O0 -ffunction-sections -fdata-sections -Wall -fstack-usage -fcyclomatic-complexity -MMD -MP -MF"Core/Src/main.d" -MT"Core/Src/main.o" --specs=nano.specs -mfloat-abi=soft -mthumb -o "Core/Src/main.o"
../Core/Src/main.c: In function 'move_forward':
../Core/Src/main.c:387:5: error: too few arguments to function 'SIM_move_forward'
  387 |     SIM_move_forward();
      |     ^~~~~~~~~~~~~~~~
../Core/Src/main.c:152:6: note: declared here
  152 | void SIM_move_forward(struct Maze* maze){
      |      ^~~~~~~~~~~~~~~~
../Core/Src/main.c: In function 'main':
../Core/Src/main.c:438:7: warning: unused variable 'a' [-Wunused-variable]
  438 |   int a = 1;
      |       ^
make: *** [Core/Src/subdir.mk:34: Core/Src/main.o] Error 1
"make -j18 all" terminated with exit code 2. Build might be incomplete.
19:54:38 **** Incremental Build of configuration Debug for project algo_test_1 ****
make -j18 all 
arm-none-eabi-gcc "../Core/Src/main.c" -mcpu=cortex-m0plus -std=gnu11 -g3 -DDEBUG -DUSE_HAL_DRIVER -DSTM32L072xx -c -I../Core/Inc -I../Drivers/STM32L0xx_HAL_Driver/Inc -I../Drivers/STM32L0xx_HAL_Driver/Inc/Legacy -I../Drivers/CMSIS/Device/ST/STM32L0xx/Include -I../Drivers/CMSIS/Include -O0 -ffunction-sections -fdata-sections -Wall -fstack-usage -fcyclomatic-complexity -MMD -MP -MF"Core/Src/main.d" -MT"Core/Src/main.o" --specs=nano.specs -mfloat-abi=soft -mthumb -o "Core/Src/main.o"
../Core/Src/main.c: In function 'main':
../Core/Src/main.c:438:7: warning: unused variable 'a' [-Wunused-variable]
  438 |   int a = 1;
      |       ^
arm-none-eabi-gcc -o "algo_test_1.elf" @"objects.list"   -mcpu=cortex-m0plus -T"C:\Users\Syed Fardin\Desktop\Coding\maze-solver-stm32\algo_test_1\STM32L072CZYX_FLASH.ld" --specs=nosys.specs -Wl,-Map="algo_test_1.map" -Wl,--gc-sections -static --specs=nano.specs -mfloat-abi=soft -mthumb -Wl,--start-group -lc -lm -Wl,--end-group
Finished building target: algo_test_1.elf
 
arm-none-eabi-size  algo_test_1.elf 
arm-none-eabi-objdump -h -S algo_test_1.elf  > "algo_test_1.list"
   text	   data	    bss	    dec	    hex	filename
  20040	     12	   1828	  21880	   5578	algo_test_1.elf
Finished building: default.size.stdout
 
Finished building: algo_test_1.list
 
20:46:29 **** Incremental Build of configuration Debug for project algo_test_1 ****
make -j18 all 
arm-none-eabi-gcc "../Core/Src/main.c" -mcpu=cortex-m0plus -std=gnu11 -g3 -DDEBUG -DUSE_HAL_DRIVER -DSTM32L072xx -c -I../Core/Inc -I../Drivers/STM32L0xx_HAL_Driver/Inc -I../Drivers/STM32L0xx_HAL_Driver/Inc/Legacy -I../Drivers/CMSIS/Device/ST/STM32L0xx/Include -I../Drivers/CMSIS/Include -O0 -ffunction-sections -fdata-sections -Wall -fstack-usage -fcyclomatic-complexity -MMD -MP -MF"Core/Src/main.d" -MT"Core/Src/main.o" --specs=nano.specs -mfloat-abi=soft -mthumb -o "Core/Src/main.o"
../Core/Src/main.c: In function 'main':
../Core/Src/main.c:495:7: warning: unused variable 'a' [-Wunused-variable]
  495 |   int a = 1;
      |       ^
arm-none-eabi-gcc -o "algo_test_1.elf" @"objects.list"   -mcpu=cortex-m0plus -T"C:\Users\Syed Fardin\Desktop\Coding\maze-solver-stm32\algo_test_1\STM32L072CZYX_FLASH.ld" --specs=nosys.specs -Wl,-Map="algo_test_1.map" -Wl,--gc-sections -static --specs=nano.specs -mfloat-abi=soft -mthumb -Wl,--start-group -lc -lm -Wl,--end-group
Finished building target: algo_test_1.elf
 
arm-none-eabi-size  algo_test_1.elf 
arm-none-eabi-objdump -h -S algo_test_1.elf  > "algo_test_1.list"
   text	   data	    bss	    dec	    hex	filename
  20312	     12	   1828	  22152	   5688	algo_test_1.elf
Finished building: default.size.stdout
 
Finished building: algo_test_1.list
 
20:52:04 **** Incremental Build of configuration Debug for project algo_test_1 ****
make -j18 all 
arm-none-eabi-gcc "../Core/Src/main.c" -mcpu=cortex-m0plus -std=gnu11 -g3 -DDEBUG -DUSE_HAL_DRIVER -DSTM32L072xx -c -I../Core/Inc -I../Drivers/STM32L0xx_HAL_Driver/Inc -I../Drivers/STM32L0xx_HAL_Driver/Inc/Legacy -I../Drivers/CMSIS/Device/ST/STM32L0xx/Include -I../Drivers/CMSIS/Include -O0 -ffunction-sections -fdata-sections -Wall -fstack-usage -fcyclomatic-complexity -MMD -MP -MF"Core/Src/main.d" -MT"Core/Src/main.o" --specs=nano.specs -mfloat-abi=soft -mthumb -o "Core/Src/main.o"
../Core/Src/main.c: In function 'enq':
../Core/Src/main.c:475:9: error: 'struct Maze' has no member named 'bfs_queue'
  475 |     maze->bfs_queue[maze->q_r][0] = maze->bfs_loc[0];
      |         ^~
../Core/Src/main.c:476:9: error: 'struct Maze' has no member named 'bfs_queue'
  476 |     maze->bfs_queue[maze->q_r][1] = maze->bfs_loc[1];
      |         ^~
../Core/Src/main.c: In function 'deq':
../Core/Src/main.c:482:28: error: 'struct Maze' has no member named 'bfs_queue'
  482 |     maze->bfs_loc[0] = maze->bfs_queue[maze->q_f][0];
      |                            ^~
../Core/Src/main.c:483:28: error: 'struct Maze' has no member named 'bfs_queue'
  483 |     maze->bfs_loc[1] = maze->bfs_queue[maze->q_f][1];
      |                            ^~
../Core/Src/main.c: In function 'main':
../Core/Src/main.c:512:7: warning: unused variable 'a' [-Wunused-variable]
  512 |   int a = 1;
      |       ^
make: *** [Core/Src/subdir.mk:34: Core/Src/main.o] Error 1
"make -j18 all" terminated with exit code 2. Build might be incomplete.
20:52:35 **** Incremental Build of configuration Debug for project algo_test_1 ****
make -j18 all 
arm-none-eabi-gcc "../Core/Src/main.c" -mcpu=cortex-m0plus -std=gnu11 -g3 -DDEBUG -DUSE_HAL_DRIVER -DSTM32L072xx -c -I../Core/Inc -I../Drivers/STM32L0xx_HAL_Driver/Inc -I../Drivers/STM32L0xx_HAL_Driver/Inc/Legacy -I../Drivers/CMSIS/Device/ST/STM32L0xx/Include -I../Drivers/CMSIS/Include -O0 -ffunction-sections -fdata-sections -Wall -fstack-usage -fcyclomatic-complexity -MMD -MP -MF"Core/Src/main.d" -MT"Core/Src/main.o" --specs=nano.specs -mfloat-abi=soft -mthumb -o "Core/Src/main.o"
../Core/Src/main.c: In function 'main':
../Core/Src/main.c:512:7: warning: unused variable 'a' [-Wunused-variable]
  512 |   int a = 1;
      |       ^
arm-none-eabi-gcc -o "algo_test_1.elf" @"objects.list"   -mcpu=cortex-m0plus -T"C:\Users\Syed Fardin\Desktop\Coding\maze-solver-stm32\algo_test_1\STM32L072CZYX_FLASH.ld" --specs=nosys.specs -Wl,-Map="algo_test_1.map" -Wl,--gc-sections -static --specs=nano.specs -mfloat-abi=soft -mthumb -Wl,--start-group -lc -lm -Wl,--end-group
Finished building target: algo_test_1.elf
 
arm-none-eabi-size  algo_test_1.elf 
arm-none-eabi-objdump -h -S algo_test_1.elf  > "algo_test_1.list"
   text	   data	    bss	    dec	    hex	filename
  20312	     12	   1828	  22152	   5688	algo_test_1.elf
Finished building: default.size.stdout
 
Finished building: algo_test_1.list
 
21:04:31 **** Incremental Build of configuration Debug for project algo_test_1 ****
make -j18 all 
arm-none-eabi-gcc "../Core/Src/main.c" -mcpu=cortex-m0plus -std=gnu11 -g3 -DDEBUG -DUSE_HAL_DRIVER -DSTM32L072xx -c -I../Core/Inc -I../Drivers/STM32L0xx_HAL_Driver/Inc -I../Drivers/STM32L0xx_HAL_Driver/Inc/Legacy -I../Drivers/CMSIS/Device/ST/STM32L0xx/Include -I../Drivers/CMSIS/Include -O0 -ffunction-sections -fdata-sections -Wall -fstack-usage -fcyclomatic-complexity -MMD -MP -MF"Core/Src/main.d" -MT"Core/Src/main.o" --specs=nano.specs -mfloat-abi=soft -mthumb -o "Core/Src/main.o"
../Core/Src/main.c: In function 'to_prev_intersection':
../Core/Src/main.c:645:21: error: too few arguments to function 'turn_left'
  645 |                     turn_left(maze);
      |                     ^~~~~~~~~
../Core/Src/main.c:415:6: note: declared here
  415 | void turn_left(struct Maze* maze, struct Maze* sim_maze){
      |      ^~~~~~~~~
../Core/Src/main.c:646:21: error: too few arguments to function 'turn_left'
  646 |                     turn_left(maze);
      |                     ^~~~~~~~~
../Core/Src/main.c:415:6: note: declared here
  415 | void turn_left(struct Maze* maze, struct Maze* sim_maze){
      |      ^~~~~~~~~
../Core/Src/main.c:651:21: error: too few arguments to function 'turn_left'
  651 |                     turn_left(maze);
      |                     ^~~~~~~~~
../Core/Src/main.c:415:6: note: declared here
  415 | void turn_left(struct Maze* maze, struct Maze* sim_maze){
      |      ^~~~~~~~~
../Core/Src/main.c:655:21: error: too few arguments to function 'turn_right'
  655 |                     turn_right(maze);
      |                     ^~~~~~~~~~
../Core/Src/main.c:442:6: note: declared here
  442 | void turn_right(struct Maze *maze,struct Maze* sim_maze)
      |      ^~~~~~~~~~
../Core/Src/main.c:659:17: error: too few arguments to function 'move_forward'
  659 |                 move_forward(maze);
      |                 ^~~~~~~~~~~~
../Core/Src/main.c:388:6: note: declared here
  388 | void move_forward(struct Maze* maze,struct Maze* sim_maze){
      |      ^~~~~~~~~~~~
../Core/Src/main.c:673:32: error: 'sim_maze' undeclared (first use in this function)
  673 |             if (SIM_wall_front(sim_maze)==0)
      |                                ^~~~~~~~
../Core/Src/main.c:673:32: note: each undeclared identifier is reported only once for each function it appears in
../Core/Src/main.c: In function 'main':
../Core/Src/main.c:779:7: warning: unused variable 'a' [-Wunused-variable]
  779 |   int a = 1;
      |       ^
make: *** [Core/Src/subdir.mk:34: Core/Src/main.o] Error 1
"make -j18 all" terminated with exit code 2. Build might be incomplete.
21:06:16 **** Incremental Build of configuration Debug for project algo_test_1 ****
make -j18 all 
arm-none-eabi-gcc "../Core/Src/main.c" -mcpu=cortex-m0plus -std=gnu11 -g3 -DDEBUG -DUSE_HAL_DRIVER -DSTM32L072xx -c -I../Core/Inc -I../Drivers/STM32L0xx_HAL_Driver/Inc -I../Drivers/STM32L0xx_HAL_Driver/Inc/Legacy -I../Drivers/CMSIS/Device/ST/STM32L0xx/Include -I../Drivers/CMSIS/Include -O0 -ffunction-sections -fdata-sections -Wall -fstack-usage -fcyclomatic-complexity -MMD -MP -MF"Core/Src/main.d" -MT"Core/Src/main.o" --specs=nano.specs -mfloat-abi=soft -mthumb -o "Core/Src/main.o"
../Core/Src/main.c: In function 'main':
../Core/Src/main.c:779:7: warning: unused variable 'a' [-Wunused-variable]
  779 |   int a = 1;
      |       ^
arm-none-eabi-gcc -o "algo_test_1.elf" @"objects.list"   -mcpu=cortex-m0plus -T"C:\Users\Syed Fardin\Desktop\Coding\maze-solver-stm32\algo_test_1\STM32L072CZYX_FLASH.ld" --specs=nosys.specs -Wl,-Map="algo_test_1.map" -Wl,--gc-sections -static --specs=nano.specs -mfloat-abi=soft -mthumb -Wl,--start-group -lc -lm -Wl,--end-group
Finished building target: algo_test_1.elf
 
arm-none-eabi-size  algo_test_1.elf 
arm-none-eabi-objdump -h -S algo_test_1.elf  > "algo_test_1.list"
   text	   data	    bss	    dec	    hex	filename
  20312	     12	   1828	  22152	   5688	algo_test_1.elf
Finished building: default.size.stdout
 
Finished building: algo_test_1.list
 
21:17:13 **** Incremental Build of configuration Debug for project algo_test_1 ****
make -j18 all 
arm-none-eabi-gcc "../Core/Src/main.c" -mcpu=cortex-m0plus -std=gnu11 -g3 -DDEBUG -DUSE_HAL_DRIVER -DSTM32L072xx -c -I../Core/Inc -I../Drivers/STM32L0xx_HAL_Driver/Inc -I../Drivers/STM32L0xx_HAL_Driver/Inc/Legacy -I../Drivers/CMSIS/Device/ST/STM32L0xx/Include -I../Drivers/CMSIS/Include -O0 -ffunction-sections -fdata-sections -Wall -fstack-usage -fcyclomatic-complexity -MMD -MP -MF"Core/Src/main.d" -MT"Core/Src/main.o" --specs=nano.specs -mfloat-abi=soft -mthumb -o "Core/Src/main.o"
../Core/Src/main.c: In function 'DFS_explore':
../Core/Src/main.c:766:21: error: too few arguments to function 'move_forward'
  766 |                     move_forward(maze);
      |                     ^~~~~~~~~~~~
../Core/Src/main.c:388:6: note: declared here
  388 | void move_forward(struct Maze* maze,struct Maze* sim_maze){
      |      ^~~~~~~~~~~~
../Core/Src/main.c:770:21: error: too few arguments to function 'turn_right'
  770 |                     turn_right(maze);
      |                     ^~~~~~~~~~
../Core/Src/main.c:442:6: note: declared here
  442 | void turn_right(struct Maze *maze,struct Maze* sim_maze)
      |      ^~~~~~~~~~
../Core/Src/main.c:771:21: error: too few arguments to function 'move_forward'
  771 |                     move_forward(maze);
      |                     ^~~~~~~~~~~~
../Core/Src/main.c:388:6: note: declared here
  388 | void move_forward(struct Maze* maze,struct Maze* sim_maze){
      |      ^~~~~~~~~~~~
../Core/Src/main.c:775:21: error: too few arguments to function 'turn_left'
  775 |                     turn_left(maze);
      |                     ^~~~~~~~~
../Core/Src/main.c:415:6: note: declared here
  415 | void turn_left(struct Maze* maze, struct Maze* sim_maze){
      |      ^~~~~~~~~
../Core/Src/main.c:776:21: error: too few arguments to function 'move_forward'
  776 |                     move_forward(maze);
      |                     ^~~~~~~~~~~~
../Core/Src/main.c:388:6: note: declared here
  388 | void move_forward(struct Maze* maze,struct Maze* sim_maze){
      |      ^~~~~~~~~~~~
../Core/Src/main.c: In function 'main':
../Core/Src/main.c:854:7: warning: unused variable 'a' [-Wunused-variable]
  854 |   int a = 1;
      |       ^
make: *** [Core/Src/subdir.mk:34: Core/Src/main.o] Error 1
"make -j18 all" terminated with exit code 2. Build might be incomplete.
21:17:52 **** Incremental Build of configuration Debug for project algo_test_1 ****
make -j18 all 
arm-none-eabi-gcc "../Core/Src/main.c" -mcpu=cortex-m0plus -std=gnu11 -g3 -DDEBUG -DUSE_HAL_DRIVER -DSTM32L072xx -c -I../Core/Inc -I../Drivers/STM32L0xx_HAL_Driver/Inc -I../Drivers/STM32L0xx_HAL_Driver/Inc/Legacy -I../Drivers/CMSIS/Device/ST/STM32L0xx/Include -I../Drivers/CMSIS/Include -O0 -ffunction-sections -fdata-sections -Wall -fstack-usage -fcyclomatic-complexity -MMD -MP -MF"Core/Src/main.d" -MT"Core/Src/main.o" --specs=nano.specs -mfloat-abi=soft -mthumb -o "Core/Src/main.o"
../Core/Src/main.c: In function 'main':
../Core/Src/main.c:854:7: warning: unused variable 'a' [-Wunused-variable]
  854 |   int a = 1;
      |       ^
arm-none-eabi-gcc -o "algo_test_1.elf" @"objects.list"   -mcpu=cortex-m0plus -T"C:\Users\Syed Fardin\Desktop\Coding\maze-solver-stm32\algo_test_1\STM32L072CZYX_FLASH.ld" --specs=nosys.specs -Wl,-Map="algo_test_1.map" -Wl,--gc-sections -static --specs=nano.specs -mfloat-abi=soft -mthumb -Wl,--start-group -lc -lm -Wl,--end-group
Finished building target: algo_test_1.elf
 
arm-none-eabi-size  algo_test_1.elf 
arm-none-eabi-objdump -h -S algo_test_1.elf  > "algo_test_1.list"
   text	   data	    bss	    dec	    hex	filename
  20312	     12	   1828	  22152	   5688	algo_test_1.elf
Finished building: default.size.stdout
 
Finished building: algo_test_1.list
 
21:22:35 **** Incremental Build of configuration Debug for project algo_test_1 ****
make -j18 all 
arm-none-eabi-gcc "../Core/Src/main.c" -mcpu=cortex-m0plus -std=gnu11 -g3 -DDEBUG -DUSE_HAL_DRIVER -DSTM32L072xx -c -I../Core/Inc -I../Drivers/STM32L0xx_HAL_Driver/Inc -I../Drivers/STM32L0xx_HAL_Driver/Inc/Legacy -I../Drivers/CMSIS/Device/ST/STM32L0xx/Include -I../Drivers/CMSIS/Include -O0 -ffunction-sections -fdata-sections -Wall -fstack-usage -fcyclomatic-complexity -MMD -MP -MF"Core/Src/main.d" -MT"Core/Src/main.o" --specs=nano.specs -mfloat-abi=soft -mthumb -o "Core/Src/main.o"
../Core/Src/main.c: In function 'main':
../Core/Src/main.c:855:7: warning: unused variable 'a' [-Wunused-variable]
  855 |   int a = 1;
      |       ^
arm-none-eabi-gcc -o "algo_test_1.elf" @"objects.list"   -mcpu=cortex-m0plus -T"C:\Users\Syed Fardin\Desktop\Coding\maze-solver-stm32\algo_test_1\STM32L072CZYX_FLASH.ld" --specs=nosys.specs -Wl,-Map="algo_test_1.map" -Wl,--gc-sections -static --specs=nano.specs -mfloat-abi=soft -mthumb -Wl,--start-group -lc -lm -Wl,--end-group
Finished building target: algo_test_1.elf
 
arm-none-eabi-size  algo_test_1.elf 
arm-none-eabi-objdump -h -S algo_test_1.elf  > "algo_test_1.list"
   text	   data	    bss	    dec	    hex	filename
  26156	     12	   1828	  27996	   6d5c	algo_test_1.elf
Finished building: default.size.stdout
 
Finished building: algo_test_1.list
 
21:39:45 **** Incremental Build of configuration Debug for project algo_test_1 ****
make -j18 all 
arm-none-eabi-gcc "../Core/Src/main.c" -mcpu=cortex-m0plus -std=gnu11 -g3 -DDEBUG -DUSE_HAL_DRIVER -DSTM32L072xx -c -I../Core/Inc -I../Drivers/STM32L0xx_HAL_Driver/Inc -I../Drivers/STM32L0xx_HAL_Driver/Inc/Legacy -I../Drivers/CMSIS/Device/ST/STM32L0xx/Include -I../Drivers/CMSIS/Include -O0 -ffunction-sections -fdata-sections -Wall -fstack-usage -fcyclomatic-complexity -MMD -MP -MF"Core/Src/main.d" -MT"Core/Src/main.o" --specs=nano.specs -mfloat-abi=soft -mthumb -o "Core/Src/main.o"
../Core/Src/main.c: In function 'flood_fill':
../Core/Src/main.c:981:21: error: 'plen' undeclared (first use in this function)
  981 |                 if (plen >= path_len)
      |                     ^~~~
../Core/Src/main.c:981:21: note: each undeclared identifier is reported only once for each function it appears in
../Core/Src/main.c:991:25: error: 'path' undeclared (first use in this function)
  991 |             int8_t sx = path[i - 1][0];
      |                         ^~~~
../Core/Src/main.c: In function 'main':
../Core/Src/main.c:1080:7: warning: unused variable 'a' [-Wunused-variable]
 1080 |   int a = 1;
      |       ^
make: *** [Core/Src/subdir.mk:34: Core/Src/main.o] Error 1
"make -j18 all" terminated with exit code 2. Build might be incomplete.
21:40:23 **** Incremental Build of configuration Debug for project algo_test_1 ****
make -j18 all 
arm-none-eabi-gcc "../Core/Src/main.c" -mcpu=cortex-m0plus -std=gnu11 -g3 -DDEBUG -DUSE_HAL_DRIVER -DSTM32L072xx -c -I../Core/Inc -I../Drivers/STM32L0xx_HAL_Driver/Inc -I../Drivers/STM32L0xx_HAL_Driver/Inc/Legacy -I../Drivers/CMSIS/Device/ST/STM32L0xx/Include -I../Drivers/CMSIS/Include -O0 -ffunction-sections -fdata-sections -Wall -fstack-usage -fcyclomatic-complexity -MMD -MP -MF"Core/Src/main.d" -MT"Core/Src/main.o" --specs=nano.specs -mfloat-abi=soft -mthumb -o "Core/Src/main.o"
../Core/Src/main.c: In function 'flood_fill':
../Core/Src/main.c:9:18: error: expected identifier before numeric constant
    9 | #define path_len 10
      |                  ^~
../Core/Src/main.c:981:41: note: in expansion of macro 'path_len'
  981 |                 if (maze->plen >= maze->path_len)
      |                                         ^~~~~~~~
../Core/Src/main.c: In function 'main':
../Core/Src/main.c:1080:7: warning: unused variable 'a' [-Wunused-variable]
 1080 |   int a = 1;
      |       ^
make: *** [Core/Src/subdir.mk:34: Core/Src/main.o] Error 1
"make -j18 all" terminated with exit code 2. Build might be incomplete.
21:41:04 **** Incremental Build of configuration Debug for project algo_test_1 ****
make -j18 all 
arm-none-eabi-gcc "../Core/Src/main.c" -mcpu=cortex-m0plus -std=gnu11 -g3 -DDEBUG -DUSE_HAL_DRIVER -DSTM32L072xx -c -I../Core/Inc -I../Drivers/STM32L0xx_HAL_Driver/Inc -I../Drivers/STM32L0xx_HAL_Driver/Inc/Legacy -I../Drivers/CMSIS/Device/ST/STM32L0xx/Include -I../Drivers/CMSIS/Include -O0 -ffunction-sections -fdata-sections -Wall -fstack-usage -fcyclomatic-complexity -MMD -MP -MF"Core/Src/main.d" -MT"Core/Src/main.o" --specs=nano.specs -mfloat-abi=soft -mthumb -o "Core/Src/main.o"
../Core/Src/main.c: In function 'main':
../Core/Src/main.c:1080:7: warning: unused variable 'a' [-Wunused-variable]
 1080 |   int a = 1;
      |       ^
arm-none-eabi-gcc -o "algo_test_1.elf" @"objects.list"   -mcpu=cortex-m0plus -T"C:\Users\Syed Fardin\Desktop\Coding\maze-solver-stm32\algo_test_1\STM32L072CZYX_FLASH.ld" --specs=nosys.specs -Wl,-Map="algo_test_1.map" -Wl,--gc-sections -static --specs=nano.specs -mfloat-abi=soft -mthumb -Wl,--start-group -lc -lm -Wl,--end-group
Finished building target: algo_test_1.elf
 
arm-none-eabi-size  algo_test_1.elf 
arm-none-eabi-objdump -h -S algo_test_1.elf  > "algo_test_1.list"
   text	   data	    bss	    dec	    hex	filename
  29640	     12	   1828	  31480	   7af8	algo_test_1.elf
Finished building: default.size.stdout
 
Finished building: algo_test_1.list
 
